<?xml version="1.0" encoding="UTF-8"?>
<testsuite xmlns:xsi="http://www.w3.org/2001/XMLSchema-instance" xsi:noNamespaceSchemaLocation="https://maven.apache.org/surefire/maven-surefire-plugin/xsd/surefire-test-report-3.0.xsd" version="3.0" name="GuiOutline_Test" time="0.024" tests="4" errors="0" skipped="0" failures="0">
  <properties>
    <property name="java.specification.version" value="17"/>
    <property name="sun.jnu.encoding" value="UTF-8"/>
    <property name="java.class.path" value="/Users/jesse/Documents/24S2Code_UoA/COMP7411/assignment-3-JessieLuo/target/test-classes:/Users/jesse/Documents/24S2Code_UoA/COMP7411/assignment-3-JessieLuo/target/classes:/Users/jesse/.m2/repository/junit/junit/4.13.2/junit-4.13.2.jar:/Users/jesse/.m2/repository/org/hamcrest/hamcrest-core/1.3/hamcrest-core-1.3.jar:/Users/jesse/Documents/24S2Code_UoA/COMP7411/assignment-3-JessieLuo/libs/sodium-with-time.jar:/Users/jesse/Documents/24S2Code_UoA/COMP7411/assignment-3-JessieLuo/libs/swidgets-jdk-11.jar:"/>
    <property name="java.vm.vendor" value="Oracle Corporation"/>
    <property name="sun.arch.data.model" value="64"/>
    <property name="java.vendor.url" value="https://java.oracle.com/"/>
    <property name="os.name" value="Mac OS X"/>
    <property name="java.vm.specification.version" value="17"/>
    <property name="sun.java.launcher" value="SUN_STANDARD"/>
    <property name="user.country" value="AU"/>
    <property name="sun.boot.library.path" value="/Library/Java/JavaVirtualMachines/jdk-17.jdk/Contents/Home/lib"/>
    <property name="sun.java.command" value="/Users/jesse/Documents/24S2Code_UoA/COMP7411/assignment-3-JessieLuo/target/surefire/surefirebooter-20241026112903983_3.jar /Users/jesse/Documents/24S2Code_UoA/COMP7411/assignment-3-JessieLuo/target/surefire 2024-10-26T11-29-03_944-jvmRun1 surefire-20241026112903983_1tmp surefire_0-20241026112903983_2tmp"/>
    <property name="http.nonProxyHosts" value="local|*.local|169.254/16|*.169.254/16"/>
    <property name="jdk.debug" value="release"/>
    <property name="surefire.test.class.path" value="/Users/jesse/Documents/24S2Code_UoA/COMP7411/assignment-3-JessieLuo/target/test-classes:/Users/jesse/Documents/24S2Code_UoA/COMP7411/assignment-3-JessieLuo/target/classes:/Users/jesse/.m2/repository/junit/junit/4.13.2/junit-4.13.2.jar:/Users/jesse/.m2/repository/org/hamcrest/hamcrest-core/1.3/hamcrest-core-1.3.jar:/Users/jesse/Documents/24S2Code_UoA/COMP7411/assignment-3-JessieLuo/libs/sodium-with-time.jar:/Users/jesse/Documents/24S2Code_UoA/COMP7411/assignment-3-JessieLuo/libs/swidgets-jdk-11.jar:"/>
    <property name="sun.cpu.endian" value="little"/>
    <property name="user.home" value="/Users/jesse"/>
    <property name="user.language" value="en"/>
    <property name="java.specification.vendor" value="Oracle Corporation"/>
    <property name="java.version.date" value="2023-04-18"/>
    <property name="java.home" value="/Library/Java/JavaVirtualMachines/jdk-17.jdk/Contents/Home"/>
    <property name="file.separator" value="/"/>
    <property name="basedir" value="/Users/jesse/Documents/24S2Code_UoA/COMP7411/assignment-3-JessieLuo"/>
    <property name="java.vm.compressedOopsMode" value="Zero based"/>
    <property name="line.separator" value="&#10;"/>
    <property name="java.specification.name" value="Java Platform API Specification"/>
    <property name="java.vm.specification.vendor" value="Oracle Corporation"/>
    <property name="surefire.real.class.path" value="/Users/jesse/Documents/24S2Code_UoA/COMP7411/assignment-3-JessieLuo/target/surefire/surefirebooter-20241026112903983_3.jar"/>
    <property name="sun.management.compiler" value="HotSpot 64-Bit Tiered Compilers"/>
    <property name="ftp.nonProxyHosts" value="local|*.local|169.254/16|*.169.254/16"/>
    <property name="java.runtime.version" value="17.0.7+8-LTS-224"/>
    <property name="user.name" value="jesse"/>
    <property name="path.separator" value=":"/>
    <property name="os.version" value="15.0.1"/>
    <property name="java.runtime.name" value="Java(TM) SE Runtime Environment"/>
    <property name="file.encoding" value="UTF-8"/>
    <property name="java.vm.name" value="Java HotSpot(TM) 64-Bit Server VM"/>
    <property name="localRepository" value="/Users/jesse/.m2/repository"/>
    <property name="java.vendor.url.bug" value="https://bugreport.java.com/bugreport/"/>
    <property name="java.io.tmpdir" value="/var/folders/cd/dprd4dxs5dvdr0nlktjhtts00000gn/T/"/>
    <property name="java.version" value="17.0.7"/>
    <property name="user.dir" value="/Users/jesse/Documents/24S2Code_UoA/COMP7411/assignment-3-JessieLuo"/>
    <property name="os.arch" value="aarch64"/>
    <property name="java.vm.specification.name" value="Java Virtual Machine Specification"/>
    <property name="native.encoding" value="UTF-8"/>
    <property name="java.library.path" value="/Users/jesse/Library/Java/Extensions:/Library/Java/Extensions:/Network/Library/Java/Extensions:/System/Library/Java/Extensions:/usr/lib/java:."/>
    <property name="java.vm.info" value="mixed mode, sharing"/>
    <property name="java.vendor" value="Oracle Corporation"/>
    <property name="java.vm.version" value="17.0.7+8-LTS-224"/>
    <property name="sun.io.unicode.encoding" value="UnicodeBig"/>
    <property name="socksNonProxyHosts" value="local|*.local|169.254/16|*.169.254/16"/>
    <property name="java.class.version" value="61.0"/>
  </properties>
  <testcase name="testDistanceWithNullPositions" classname="GuiOutline_Test" time="0.004"/>
  <testcase name="testDistanceWithHorizontalAndAltitudeDifference" classname="GuiOutline_Test" time="0.0"/>
  <testcase name="testDistanceWithOnlyAltitudeDifference" classname="GuiOutline_Test" time="0.0"/>
  <testcase name="testDistanceWithSamePosition" classname="GuiOutline_Test" time="0.0"/>
</testsuite>